-------------------------------------------------------------------------------
Test set: com.example.security.SpringSecurityApplicationTests
-------------------------------------------------------------------------------
Tests run: 1, Failures: 0, Errors: 1, Skipped: 0, Time elapsed: 6.382 s <<< FAILURE! - in com.example.security.SpringSecurityApplicationTests
contextLoads  Time elapsed: 0.012 s  <<< ERROR!
java.lang.IllegalStateException: Failed to load ApplicationContext
Caused by: org.springframework.beans.factory.BeanCreationException: Error creating bean with name 'entityManagerFactory' defined in class path resource [org/springframework/boot/autoconfigure/orm/jpa/HibernateJpaConfiguration.class]: Invocation of init method failed; nested exception is javax.persistence.PersistenceException: [PersistenceUnit: default] Unable to build Hibernate SessionFactory; nested exception is java.lang.RuntimeException: Driver com.mysql.jdbc.Driver claims to not accept jdbcUrl, jdbc:postgresql://localhost:3360/postgres
Caused by: javax.persistence.PersistenceException: [PersistenceUnit: default] Unable to build Hibernate SessionFactory; nested exception is java.lang.RuntimeException: Driver com.mysql.jdbc.Driver claims to not accept jdbcUrl, jdbc:postgresql://localhost:3360/postgres
Caused by: java.lang.RuntimeException: Driver com.mysql.jdbc.Driver claims to not accept jdbcUrl, jdbc:postgresql://localhost:3360/postgres

